Content-Type: multipart/alternative;
 boundary="===============2810007322353018137=="
MIME-Version: 1.0
Subject: 
 =?utf-8?q?R=C3=A9initialisation_du_mot_de_passe_sur_127=2E0=2E0=2E1=3A8000?=
From: webmaster@localhost
To: rida-des-lrs@outlook.fr
Date: Tue, 08 Mar 2022 13:52:33 -0000
Message-ID: 
 <164674755327.5088.8056351167342962441@PC-21501040-ID.novea.cg13.fr>

--===============2810007322353018137==
Content-Type: text/plain; charset="utf-8"
MIME-Version: 1.0
Content-Transfer-Encoding: 8bit

Vous recevez ce message en réponse à votre demande de réinitialisation du mot de passe de votre compte sur 127.0.0.1:8000.

Veuillez vous rendre sur cette page et choisir un nouveau mot de passe :
http://127.0.0.1:8000/#/password/reset/confirm/MjY/b1z2nl-9c003308b8ab625e1492d1b7ae87d797
Votre nom d'utilisateur, au cas où vous l'auriez oublié, est le suivant : rida

Merci d’utiliser notre site !

L’équipe 127.0.0.1:8000
--===============2810007322353018137==
Content-Type: text/html; charset="utf-8"
MIME-Version: 1.0
Content-Transfer-Encoding: 8bit

<p>Vous recevez ce message en réponse à votre demande de réinitialisation du mot de passe de votre compte sur 127.0.0.1:8000.</p>

<p>Veuillez vous rendre sur cette page et choisir un nouveau mot de passe :</p>
<a href="http://127.0.0.1:8000/#/password/reset/confirm/MjY/b1z2nl-9c003308b8ab625e1492d1b7ae87d797">http://127.0.0.1:8000/#/password/reset/confirm/MjY/b1z2nl-9c003308b8ab625e1492d1b7ae87d797</a>
<p>Votre nom d'utilisateur, au cas où vous l'auriez oublié, est le suivant : <b>rida</b></p>

<p>Merci d’utiliser notre site !</p>

<p>L’équipe 127.0.0.1:8000</p>
--===============2810007322353018137==--

-------------------------------------------------------------------------------
