Content-Type: multipart/alternative;
 boundary="===============0775151169560052289=="
MIME-Version: 1.0
Subject: 
 =?utf-8?q?R=C3=A9initialisation_du_mot_de_passe_sur_127=2E0=2E0=2E1=3A8000?=
From: webmaster@localhost
To: rida-des-lrs@outlook.fr
Date: Tue, 08 Mar 2022 13:52:04 -0000
Message-ID: 
 <164674752461.5088.3793376411206465460@PC-21501040-ID.novea.cg13.fr>

--===============0775151169560052289==
Content-Type: text/plain; charset="utf-8"
MIME-Version: 1.0
Content-Transfer-Encoding: 8bit

Vous recevez ce message en réponse à votre demande de réinitialisation du mot de passe de votre compte sur 127.0.0.1:8000.

Veuillez vous rendre sur cette page et choisir un nouveau mot de passe :
http://127.0.0.1:8000/#/password/reset/confirm/MjY/b1z2ms-9d3d0cd3a58e669572ab19caf1e743fd
Votre nom d'utilisateur, au cas où vous l'auriez oublié, est le suivant : rida

Merci d’utiliser notre site !

L’équipe 127.0.0.1:8000
--===============0775151169560052289==
Content-Type: text/html; charset="utf-8"
MIME-Version: 1.0
Content-Transfer-Encoding: 8bit

<p>Vous recevez ce message en réponse à votre demande de réinitialisation du mot de passe de votre compte sur 127.0.0.1:8000.</p>

<p>Veuillez vous rendre sur cette page et choisir un nouveau mot de passe :</p>
<a href="http://127.0.0.1:8000/#/password/reset/confirm/MjY/b1z2ms-9d3d0cd3a58e669572ab19caf1e743fd">http://127.0.0.1:8000/#/password/reset/confirm/MjY/b1z2ms-9d3d0cd3a58e669572ab19caf1e743fd</a>
<p>Votre nom d'utilisateur, au cas où vous l'auriez oublié, est le suivant : <b>rida</b></p>

<p>Merci d’utiliser notre site !</p>

<p>L’équipe 127.0.0.1:8000</p>
--===============0775151169560052289==--

-------------------------------------------------------------------------------
